<?xml version="1.0" encoding="UTF-8"?>
<testsuite name="com.thoughtworks.rectangle.RectangleTest" tests="1" skipped="0" failures="0" errors="0" timestamp="2024-01-08T07:50:54" hostname="gurushifu-gurushifugitp-hdqs81kw2vk" time="0.013">
  <properties/>
  <testcase name="testRectangleArea()" classname="com.thoughtworks.rectangle.RectangleTest" time="0.013"/>
  <system-out><![CDATA[]]></system-out>
  <system-err><![CDATA[]]></system-err>
</testsuite>
